********************************************************************************
product = Open Liberty 20.0.0.3 (wlp-1.0.38.cl200320200305-1433)
wlp.install.dir = /Users/antoniospinelli/Documents/GitHub/DCK_Psd2Kpi/target/liberty/wlp/
server.output.dir = /Users/antoniospinelli/Documents/GitHub/DCK_Psd2Kpi/target/liberty-alt-output-dir/defaultServer/
java.home = /Library/Java/JavaVirtualMachines/jdk-11.0.2.jdk/Contents/Home
java.version = 11.0.2
java.runtime = Java(TM) SE Runtime Environment (11.0.2+9-LTS)
os = Mac OS X (10.15.3; x86_64) (en_IT)
process = 42914@MacBook-Pro-di-Antonio.local
********************************************************************************
[3/23/20, 11:56:18:783 CET] 0000000d com.ibm.ws.kernel.launch.internal.FrameworkManager           A CWWKE0001I: The server defaultServer has been launched.
[3/23/20, 11:56:19:222 CET] 00000018 com.ibm.ws.config.xml.internal.ServerXMLConfiguration        A CWWKG0093A: Processing configuration drop-ins resource: /Users/antoniospinelli/Documents/GitHub/DCK_Psd2Kpi/target/liberty/wlp/usr/servers/defaultServer/configDropins/defaults/install_apps_configuration_1491924271.xml
[3/23/20, 11:56:19:437 CET] 0000000d com.ibm.ws.kernel.launch.internal.FrameworkManager           I CWWKE0002I: The kernel started after 0.903 seconds
[3/23/20, 11:56:19:456 CET] 00000023 com.ibm.ws.kernel.feature.internal.FeatureManager            I CWWKF0007I: Feature update started.
[3/23/20, 11:56:19:881 CET] 00000023 com.ibm.ws.kernel.feature.internal.FeatureManager            A CWWKF0012I: The server installed the following features: [servlet-4.0, springBoot-2.0].
[3/23/20, 11:56:19:882 CET] 00000023 com.ibm.ws.kernel.feature.internal.FeatureManager            I CWWKF0008I: Feature update completed in 0.448 seconds.
[3/23/20, 11:56:19:882 CET] 00000023 com.ibm.ws.kernel.feature.internal.FeatureManager            A CWWKF0026I: The server defaultServer is ready to build a smaller package.
[3/23/20, 11:56:19:885 CET] 00000024 com.ibm.ws.runtime.update.internal.RuntimeUpdateManagerImpl  A CWWKE1100I: Waiting for up to 30 seconds for the server to quiesce.
[3/23/20, 11:56:19:891 CET] 00000024 com.ibm.ws.runtime.update.internal.RuntimeUpdateManagerImpl  I CWWKE1101I: Server quiesce complete.
[3/23/20, 11:56:20:008 CET] 0000000d com.ibm.ws.kernel.launch.internal.FrameworkManager           A CWWKE0036I: The server defaultServer stopped after 1.477 seconds.
